<?xml version="1.0" encoding="UTF-8"?>
<!-- Generated by org.testng.reporters.JUnitXMLReporter -->
<testsuite ignored="0" hostname="ITLFZVYMC2" failures="2" tests="2" name="Test" time="73.854" errors="0" timestamp="2022-04-18T18:48:51 SAST">
  <testcase classname="com.mmframework.testcases.LoginPageTest" name="LoginTest" time="24.06">
    <failure type="java.lang.AssertionError" message="expected [http://automationpractice.com/index.php] but found [http://automationpractice.com/index.php?controller=my-account]">
      <![CDATA[java.lang.AssertionError: expected [http://automationpractice.com/index.php] but found [http://automationpractice.com/index.php?controller=my-account]
at com.mmframework.testcases.LoginPageTest.LoginTest(LoginPageTest.java:51)
at java.base/java.util.ArrayList.forEach(ArrayList.java:1511)
... Removed 33 stack frames]]>
    </failure>
  </testcase> <!-- LoginTest -->
  <testcase classname="com.mmframework.testcases.LoginPageTest" name="LoginTest" time="12.409">
    <failure type="java.lang.AssertionError" message="expected [http://automationpractice.com/index.php] but found [http://automationpractice.com/index.php?controller=authentication]">
      <![CDATA[java.lang.AssertionError: expected [http://automationpractice.com/index.php] but found [http://automationpractice.com/index.php?controller=authentication]
at com.mmframework.testcases.LoginPageTest.LoginTest(LoginPageTest.java:51)
at java.base/java.util.ArrayList.forEach(ArrayList.java:1511)
... Removed 33 stack frames]]>
    </failure>
  </testcase> <!-- LoginTest -->
</testsuite> <!-- Test -->
